<?xml version="1.0" encoding="utf-8" standalone="no"?>
<!--This file represents the results of running a test suite-->
<test-results name="C:\Projects\brother-online\Brother\brother\Main\Brother.Tests.Specs\bin\Debug\Brother.Tests.Specs.dll" total="1" errors="0" failures="1" not-run="0" inconclusive="0" ignored="0" skipped="0" invalid="0" date="2014-12-03" time="16:27:19">
  <environment nunit-version="2.6.3.0" clr-version="2.0.50727.5485" os-version="Microsoft Windows NT 6.1.7601 Service Pack 1" platform="Win32NT" cwd="C:\Projects\Test\NUnit-2.6.3\bin\Debug" machine-name="BIELT348" user="howellan" user-domain="EU" />
  <culture-info current-culture="en-GB" current-uiculture="en-US" />
  <test-suite type="Assembly" name="C:\Projects\brother-online\Brother\brother\Main\Brother.Tests.Specs\bin\Debug\Brother.Tests.Specs.dll" executed="True" result="Failure" success="False" time="5.708" asserts="0">
    <results>
      <test-suite type="Namespace" name="Brother" executed="True" result="Failure" success="False" time="5.698" asserts="0">
        <results>
          <test-suite type="Namespace" name="Tests" executed="True" result="Failure" success="False" time="5.698" asserts="0">
            <results>
              <test-suite type="Namespace" name="Specs" executed="True" result="Failure" success="False" time="5.697" asserts="0">
                <results>
                  <test-suite type="Namespace" name="TestSpecifications" executed="True" result="Failure" success="False" time="5.697" asserts="0">
                    <results>
                      <test-suite type="Namespace" name="BrotherMainSite" executed="True" result="Failure" success="False" time="5.696" asserts="0">
                        <results>
                          <test-suite type="Namespace" name="SuppliesAndAccessories" executed="True" result="Failure" success="False" time="5.696" asserts="0">
                            <results>
                              <test-suite type="TestFixture" name="PurchaseANewInkCartridgeFeature" description="PurchaseANewInkCartridge" executed="True" result="Error" success="False" time="5.693" asserts="0">
                                <categories>
                                  <category name="UAT" />
                                  <category name="TEST" />
                                </categories>
                                <failure>
                                  <message><![CDATA[SetUp : Brother.Tests.Selenium.Lib.Support.SpecFlowSeleniumException : Unable to Connect to GhostDriver via RemoteWebDriver - Unexpected error. System.Net.WebException: Unable to connect to the remote server ---> System.Net.Sockets.SocketException: No connection could be made because the target machine actively refused it 127.0.0.1:6000
   at System.Net.Sockets.Socket.DoConnect(EndPoint endPointSnapshot, SocketAddress socketAddress)
   at System.Net.ServicePoint.ConnectSocketInternal(Boolean connectFailure, Socket s4, Socket s6, Socket& socket, IPAddress& address, ConnectSocketState state, IAsyncResult asyncResult, Exception& exception)
   --- End of inner exception stack trace ---
   at System.Net.HttpWebRequest.GetRequestStream(TransportContext& context)
   at System.Net.HttpWebRequest.GetRequestStream()
   at OpenQA.Selenium.Remote.HttpCommandExecutor.Execute(Command commandToExecute) in c:\Projects\webdriver\dotnet\src\webdriver\Remote\HttpCommandExecutor.cs:line 109
   at OpenQA.Selenium.Remote.RemoteWebDriver.Execute(String driverCommandToExecute, Dictionary`2 parameters) in c:\Projects\webdriver\dotnet\src\webdriver\Remote\RemoteWebDriver.cs:line 852]]></message>
                                  <stack-trace><![CDATA[at Brother.Tests.Selenium.Lib.Support.TestController.StartNewRemoteWebDriver(String ipAddress, String port) in c:\Projects\brother-online\Brother\brother\Main\Brother.Tests.Selenium\Support\TestController.cs:line 87
at Brother.Tests.Selenium.Lib.Support.TestController.HeadlessRunning() in c:\Projects\brother-online\Brother\brother\Main\Brother.Tests.Selenium\Support\TestController.cs:line 60
at Brother.Tests.Selenium.Lib.Support.TestController.Test_Setup() in c:\Projects\brother-online\Brother\brother\Main\Brother.Tests.Selenium\Support\TestController.cs:line 111
at Brother.Tests.Specs.Initialise.BeforeFeatureHeadlessAndInteractive() in c:\Projects\brother-online\Brother\brother\Main\Brother.Tests.Specs\SpecFlowHooks.cs:line 63
at Brother.Tests.Specs.Initialise.BeforeFeatureHeadless() in c:\Projects\brother-online\Brother\brother\Main\Brother.Tests.Specs\SpecFlowHooks.cs:line 54
at TechTalk.SpecFlow.Bindings.BindingInvoker.InvokeBinding(IBinding binding, IContextManager contextManager, Object[] arguments, ITestTracer testTracer, TimeSpan& duration)
at TechTalk.SpecFlow.Infrastructure.TestExecutionEngine.FireEvents(HookType bindingEvent)
at Brother.Tests.Specs.TestSpecifications.BrotherMainSite.SuppliesAndAccessories.PurchaseANewInkCartridgeFeature.FeatureSetup() in c:\Projects\brother-online\Brother\brother\Main\Brother.Tests.Specs\Test Specifications\BrotherMainSite\SuppliesAndAccessories\PurchaseASupply.feature.cs:line 0
]]></stack-trace>
                                </failure>
                                <results>
                                  <test-case name="Brother.Tests.Specs.TestSpecifications.BrotherMainSite.SuppliesAndAccessories.PurchaseANewInkCartridgeFeature.AttemptToPurchaseAnInkCartridgeByAnInvalidModelCodeNumber" description="Attempt to purchase an ink cartridge by an invalid Model code number" executed="True" result="Failure" success="False" time="0.000" asserts="0">
                                    <failure>
                                      <message><![CDATA[TestFixtureSetUp failed in PurchaseANewInkCartridgeFeature]]></message>
                                      <stack-trace />
                                    </failure>
                                  </test-case>
                                </results>
                              </test-suite>
                            </results>
                          </test-suite>
                        </results>
                      </test-suite>
                    </results>
                  </test-suite>
                </results>
              </test-suite>
            </results>
          </test-suite>
        </results>
      </test-suite>
    </results>
  </test-suite>
</test-results>